# JRE version: Java(TM) SE Runtime Environment (8.0_144-b01) (build 1.8.0_144-b01)
# Java VM: Java HotSpot(TM) 64-Bit Server VM (25.144-b01 mixed mode windows-amd64 compressed oops)
Heap:
 PSYoungGen      total 641536K, used 561203K [0x000000076c900000, 0x0000000795900000, 0x00000007c0000000)
  eden space 623616K, 89% used [0x000000076c900000,0x000000078ed0cf98,0x0000000792a00000)
  from space 17920K, 0% used [0x0000000794780000,0x0000000794780000,0x0000000795900000)
  to   space 22016K, 0% used [0x0000000792e00000,0x0000000792e00000,0x0000000794380000)
 ParOldGen       total 141312K, used 33007K [0x00000006c5a00000, 0x00000006ce400000, 0x000000076c900000)
  object space 141312K, 23% used [0x00000006c5a00000,0x00000006c7a3bcf0,0x00000006ce400000)
 Metaspace       used 69464K, capacity 72396K, committed 72704K, reserved 1112064K
  class space    used 9120K, capacity 9633K, committed 9728K, reserved 1048576K
GC Heap History (10 events):
Event: 37.033 GC heap before
{Heap before GC invocations=9 (full 1):
 PSYoungGen      total 265216K, used 166323K [0x000000076c900000, 0x0000000788a00000, 0x00000007c0000000)
  eden space 257024K, 61% used [0x000000076c900000,0x0000000776374628,0x000000077c400000)
  from space 8192K, 99% used [0x000000077c400000,0x000000077cbf86f8,0x000000077cc00000)
  to   space 11776K, 0% used [0x0000000787e80000,0x0000000787e80000,0x0000000788a00000)
 ParOldGen       total 79872K, used 11769K [0x00000006c5a00000, 0x00000006ca800000, 0x000000076c900000)
  object space 79872K, 14% used [0x00000006c5a00000,0x00000006c657e560,0x00000006ca800000)
 Metaspace       used 34269K, capacity 35428K, committed 35456K, reserved 1079296K
  class space    used 4459K, capacity 4722K, committed 4736K, reserved 1048576K
Event: 37.057 GC heap after
Heap after GC invocations=9 (full 1):
 PSYoungGen      total 446464K, used 11770K [0x000000076c900000, 0x000000078a780000, 0x00000007c0000000)
  eden space 434688K, 0% used [0x000000076c900000,0x000000076c900000,0x0000000787180000)
  from space 11776K, 99% used [0x0000000787e80000,0x00000007889fe858,0x0000000788a00000)
  to   space 13312K, 0% used [0x0000000787180000,0x0000000787180000,0x0000000787e80000)
 ParOldGen       total 79872K, used 12583K [0x00000006c5a00000, 0x00000006ca800000, 0x000000076c900000)
  object space 79872K, 15% used [0x00000006c5a00000,0x00000006c6649f18,0x00000006ca800000)
 Metaspace       used 34269K, capacity 35428K, committed 35456K, reserved 1079296K
  class space    used 4459K, capacity 4722K, committed 4736K, reserved 1048576K
}
Event: 37.057 GC heap before
{Heap before GC invocations=10 (full 2):
 PSYoungGen      total 446464K, used 11770K [0x000000076c900000, 0x000000078a780000, 0x00000007c0000000)
  eden space 434688K, 0% used [0x000000076c900000,0x000000076c900000,0x0000000787180000)
  from space 11776K, 99% used [0x0000000787e80000,0x00000007889fe858,0x0000000788a00000)
  to   space 13312K, 0% used [0x0000000787180000,0x0000000787180000,0x0000000787e80000)
 ParOldGen       total 79872K, used 12583K [0x00000006c5a00000, 0x00000006ca800000, 0x000000076c900000)
  object space 79872K, 15% used [0x00000006c5a00000,0x00000006c6649f18,0x00000006ca800000)
 Metaspace       used 34269K, capacity 35428K, committed 35456K, reserved 1079296K
  class space    used 4459K, capacity 4722K, committed 4736K, reserved 1048576K
Event: 37.202 GC heap after
Heap after GC invocations=10 (full 2):
 PSYoungGen      total 446464K, used 0K [0x000000076c900000, 0x000000078a780000, 0x00000007c0000000)
  eden space 434688K, 0% used [0x000000076c900000,0x000000076c900000,0x0000000787180000)
  from space 11776K, 0% used [0x0000000787e80000,0x0000000787e80000,0x0000000788a00000)
  to   space 13312K, 0% used [0x0000000787180000,0x0000000787180000,0x0000000787e80000)
 ParOldGen       total 107008K, used 17274K [0x00000006c5a00000, 0x00000006cc280000, 0x000000076c900000)
  object space 107008K, 16% used [0x00000006c5a00000,0x00000006c6adea10,0x00000006cc280000)
 Metaspace       used 34269K, capacity 35428K, committed 35456K, reserved 1079296K
  class space    used 4459K, capacity 4722K, committed 4736K, reserved 1048576K
}
Event: 59.691 GC heap before
{Heap before GC invocations=11 (full 2):
 PSYoungGen      total 446464K, used 434688K [0x000000076c900000, 0x000000078a780000, 0x00000007c0000000)
  eden space 434688K, 100% used [0x000000076c900000,0x0000000787180000,0x0000000787180000)
  from space 11776K, 0% used [0x0000000787e80000,0x0000000787e80000,0x0000000788a00000)
  to   space 13312K, 0% used [0x0000000787180000,0x0000000787180000,0x0000000787e80000)
 ParOldGen       total 107008K, used 17274K [0x00000006c5a00000, 0x00000006cc280000, 0x000000076c900000)
  object space 107008K, 16% used [0x00000006c5a00000,0x00000006c6adea10,0x00000006cc280000)
 Metaspace       used 48992K, capacity 50884K, committed 51072K, reserved 1093632K
  class space    used 6288K, capacity 6658K, committed 6784K, reserved 1048576K
Event: 59.833 GC heap after
Heap after GC invocations=11 (full 2):
 PSYoungGen      total 448000K, used 13310K [0x000000076c900000, 0x0000000795900000, 0x00000007c0000000)
  eden space 434688K, 0% used [0x000000076c900000,0x000000076c900000,0x0000000787180000)
  from space 13312K, 99% used [0x0000000787180000,0x0000000787e7f810,0x0000000787e80000)
  to   space 17920K, 0% used [0x0000000794780000,0x0000000794780000,0x0000000795900000)
 ParOldGen       total 107008K, used 24881K [0x00000006c5a00000, 0x00000006cc280000, 0x000000076c900000)
  object space 107008K, 23% used [0x00000006c5a00000,0x00000006c724c5f0,0x00000006cc280000)
 Metaspace       used 48992K, capacity 50884K, committed 51072K, reserved 1093632K
  class space    used 6288K, capacity 6658K, committed 6784K, reserved 1048576K
}
Event: 81.072 GC heap before
{Heap before GC invocations=12 (full 2):
 PSYoungGen      total 448000K, used 374376K [0x000000076c900000, 0x0000000795900000, 0x00000007c0000000)
  eden space 434688K, 83% used [0x000000076c900000,0x000000078299a940,0x0000000787180000)
  from space 13312K, 99% used [0x0000000787180000,0x0000000787e7f810,0x0000000787e80000)
  to   space 17920K, 0% used [0x0000000794780000,0x0000000794780000,0x0000000795900000)
 ParOldGen       total 107008K, used 24881K [0x00000006c5a00000, 0x00000006cc280000, 0x000000076c900000)
  object space 107008K, 23% used [0x00000006c5a00000,0x00000006c724c5f0,0x00000006cc280000)
 Metaspace       used 56634K, capacity 58916K, committed 59096K, reserved 1101824K
  class space    used 7292K, capacity 7704K, committed 7808K, reserved 1048576K
Event: 81.131 GC heap after
Heap after GC invocations=12 (full 2):
 PSYoungGen      total 641536K, used 17911K [0x000000076c900000, 0x0000000795900000, 0x00000007c0000000)
  eden space 623616K, 0% used [0x000000076c900000,0x000000076c900000,0x0000000792a00000)
  from space 17920K, 99% used [0x0000000794780000,0x00000007958fde58,0x0000000795900000)
  to   space 22016K, 0% used [0x0000000792e00000,0x0000000792e00000,0x0000000794380000)
 ParOldGen       total 107008K, used 29796K [0x00000006c5a00000, 0x00000006cc280000, 0x000000076c900000)
  object space 107008K, 27% used [0x00000006c5a00000,0x00000006c7719030,0x00000006cc280000)
 Metaspace       used 56634K, capacity 58916K, committed 59096K, reserved 1101824K
  class space    used 7292K, capacity 7704K, committed 7808K, reserved 1048576K
}
Event: 81.131 GC heap before
{Heap before GC invocations=13 (full 3):
 PSYoungGen      total 641536K, used 17911K [0x000000076c900000, 0x0000000795900000, 0x00000007c0000000)
  eden space 623616K, 0% used [0x000000076c900000,0x000000076c900000,0x0000000792a00000)
  from space 17920K, 99% used [0x0000000794780000,0x00000007958fde58,0x0000000795900000)
  to   space 22016K, 0% used [0x0000000792e00000,0x0000000792e00000,0x0000000794380000)
 ParOldGen       total 107008K, used 29796K [0x00000006c5a00000, 0x00000006cc280000, 0x000000076c900000)
  object space 107008K, 27% used [0x00000006c5a00000,0x00000006c7719030,0x00000006cc280000)
 Metaspace       used 56634K, capacity 58916K, committed 59096K, reserved 1101824K
  class space    used 7292K, capacity 7704K, committed 7808K, reserved 1048576K
Event: 81.439 GC heap after
Heap after GC invocations=13 (full 3):
 PSYoungGen      total 641536K, used 0K [0x000000076c900000, 0x0000000795900000, 0x00000007c0000000)
  eden space 623616K, 0% used [0x000000076c900000,0x000000076c900000,0x0000000792a00000)
  from space 17920K, 0% used [0x0000000794780000,0x0000000794780000,0x0000000795900000)
  to   space 22016K, 0% used [0x0000000792e00000,0x0000000792e00000,0x0000000794380000)
 ParOldGen       total 141312K, used 33007K [0x00000006c5a00000, 0x00000006ce400000, 0x000000076c900000)
  object space 141312K, 23% used [0x00000006c5a00000,0x00000006c7a3bcf0,0x00000006ce400000)
 Metaspace       used 56634K, capacity 58916K, committed 59096K, reserved 1101824K
  class space    used 7292K, capacity 7704K, committed 7808K, reserved 1048576K
}

